<?xml version="1.0" encoding="UTF-8"?>
<testsuite name="com.codecrafter.WebAppManagerRoomGymBE.WebAppManagerRoomGymBeApplicationTests" tests="1" skipped="0" failures="0" errors="0" timestamp="2025-04-08T09:54:24" hostname="ip-10-1-1-84" time="0.658">
  <properties/>
  <testcase name="contextLoads()" classname="com.codecrafter.WebAppManagerRoomGymBE.WebAppManagerRoomGymBeApplicationTests" time="0.658"/>
  <system-out><![CDATA[09:54:15.738 [Test worker] INFO org.springframework.test.context.support.AnnotationConfigContextLoaderUtils -- Could not detect default configuration classes for test class [com.codecrafter.WebAppManagerRoomGymBE.WebAppManagerRoomGymBeApplicationTests]: WebAppManagerRoomGymBeApplicationTests does not declare any static, non-private, non-final, nested classes annotated with @Configuration.
09:54:15.901 [Test worker] INFO org.springframework.boot.test.context.SpringBootTestContextBootstrapper -- Found @SpringBootConfiguration com.codecrafter.WebAppManagerRoomGymBE.WebAppManagerRoomGymBeApplication for test class com.codecrafter.WebAppManagerRoomGymBE.WebAppManagerRoomGymBeApplicationTests

  .   ____          _            __ _ _
 /\\ / ___'_ __ _ _(_)_ __  __ _ \ \ \ \
( ( )\___ | '_ | '_| | '_ \/ _` | \ \ \ \
 \\/  ___)| |_)| | | | | || (_| |  ) ) ) )
  '  |____| .__|_| |_|_| |_\__, | / / / /
 =========|_|==============|___/=/_/_/_/

 :: Spring Boot ::                (v3.3.4)

2025-04-08T09:54:16.613Z  INFO 13596 --- [WebAppManagerRoomGymBE] [    Test worker] W.WebAppManagerRoomGymBeApplicationTests : Starting WebAppManagerRoomGymBeApplicationTests using Java 17.0.14 with PID 13596 (started by root in /data/CICD-BE)
2025-04-08T09:54:16.617Z  INFO 13596 --- [WebAppManagerRoomGymBE] [    Test worker] W.WebAppManagerRoomGymBeApplicationTests : No active profile set, falling back to 1 default profile: "default"
2025-04-08T09:54:18.435Z  INFO 13596 --- [WebAppManagerRoomGymBE] [    Test worker] .s.d.r.c.RepositoryConfigurationDelegate : Bootstrapping Spring Data JPA repositories in DEFAULT mode.
2025-04-08T09:54:18.578Z  INFO 13596 --- [WebAppManagerRoomGymBE] [    Test worker] .s.d.r.c.RepositoryConfigurationDelegate : Finished Spring Data repository scanning in 132 ms. Found 12 JPA repository interfaces.
2025-04-08T09:54:19.209Z  INFO 13596 --- [WebAppManagerRoomGymBE] [    Test worker] o.hibernate.jpa.internal.util.LogHelper  : HHH000204: Processing PersistenceUnitInfo [name: default]
2025-04-08T09:54:19.261Z  INFO 13596 --- [WebAppManagerRoomGymBE] [    Test worker] org.hibernate.Version                    : HHH000412: Hibernate ORM core version 6.5.3.Final
2025-04-08T09:54:19.296Z  INFO 13596 --- [WebAppManagerRoomGymBE] [    Test worker] o.h.c.internal.RegionFactoryInitiator    : HHH000026: Second-level cache disabled
2025-04-08T09:54:19.646Z  INFO 13596 --- [WebAppManagerRoomGymBE] [    Test worker] o.s.o.j.p.SpringPersistenceUnitInfo      : No LoadTimeWeaver setup: ignoring JPA class transformer
2025-04-08T09:54:19.678Z  INFO 13596 --- [WebAppManagerRoomGymBE] [    Test worker] com.zaxxer.hikari.HikariDataSource       : HikariPool-1 - Starting...
2025-04-08T09:54:20.095Z  INFO 13596 --- [WebAppManagerRoomGymBE] [    Test worker] com.zaxxer.hikari.pool.HikariPool        : HikariPool-1 - Added connection org.postgresql.jdbc.PgConnection@5b64f771
2025-04-08T09:54:20.098Z  INFO 13596 --- [WebAppManagerRoomGymBE] [    Test worker] com.zaxxer.hikari.HikariDataSource       : HikariPool-1 - Start completed.
2025-04-08T09:54:20.133Z  WARN 13596 --- [WebAppManagerRoomGymBE] [    Test worker] org.hibernate.orm.deprecation            : HHH90000025: PostgreSQLDialect does not need to be specified explicitly using 'hibernate.dialect' (remove the property setting and it will be selected by default)
2025-04-08T09:54:21.649Z  INFO 13596 --- [WebAppManagerRoomGymBE] [    Test worker] o.h.e.t.j.p.i.JtaPlatformInitiator       : HHH000489: No JTA platform available (set 'hibernate.transaction.jta.platform' to enable JTA platform integration)
Hibernate: alter table if exists gym_thanh_vien alter column du_lieu_qr_dinh_danh set data type TEXT
2025-04-08T09:54:21.873Z  INFO 13596 --- [WebAppManagerRoomGymBE] [    Test worker] j.LocalContainerEntityManagerFactoryBean : Initialized JPA EntityManagerFactory for persistence unit 'default'
2025-04-08T09:54:22.260Z  INFO 13596 --- [WebAppManagerRoomGymBE] [    Test worker] o.s.d.j.r.query.QueryEnhancerFactory     : Hibernate is in classpath; If applicable, HQL parser will be used.
2025-04-08T09:54:23.088Z  WARN 13596 --- [WebAppManagerRoomGymBE] [    Test worker] JpaBaseConfiguration$JpaWebConfiguration : spring.jpa.open-in-view is enabled by default. Therefore, database queries may be performed during view rendering. Explicitly configure spring.jpa.open-in-view to disable this warning
2025-04-08T09:54:23.135Z  INFO 13596 --- [WebAppManagerRoomGymBE] [    Test worker] r$InitializeUserDetailsManagerConfigurer : Global AuthenticationManager configured with UserDetailsService bean with name customUserDetailService
2025-04-08T09:54:24.034Z  WARN 13596 --- [WebAppManagerRoomGymBE] [    Test worker] o.s.b.a.f.FreeMarkerAutoConfiguration    : Cannot find template location: [classpath:/templates/] (please add some templates, check your FreeMarker configuration, or set spring.freemarker.check-template-location=false)
2025-04-08T09:54:24.152Z  INFO 13596 --- [WebAppManagerRoomGymBE] [    Test worker] W.WebAppManagerRoomGymBeApplicationTests : Started WebAppManagerRoomGymBeApplicationTests in 7.977 seconds (process running for 9.484)
]]></system-out>
  <system-err><![CDATA[]]></system-err>
</testsuite>
